<?xml version="1.0" encoding="UTF-8"?>
<!-- Generated by org.testng.reporters.JUnitReportReporter -->
<testsuite skipped="0" hostname="BDC3-LX-7171WLW" name="PackDemo.NewTour" tests="1" failures="0" timestamp="03 Aug 2018 07:14:22 GMT" time="6.899" errors="0">
  <testcase name="NewTourLogin" time="6.899" classname="PackDemo.NewTour"/>
</testsuite> <!-- PackDemo.NewTour -->
