<?xml version="1.0" encoding="UTF-8"?>
<!-- Generated by org.testng.reporters.JUnitReportReporter -->
<testsuite skipped="0" hostname="BDC3-LX-7171WLW" name="PackDemo.TestngCls" tests="2" failures="0" timestamp="06 Aug 2018 05:35:23 GMT" time="13.666" errors="0">
  <testcase name="testNewTour" time="7.860" classname="PackDemo.TestngCls"/>
  <testcase name="testGoogle" time="5.806" classname="PackDemo.TestngCls"/>
</testsuite> <!-- PackDemo.TestngCls -->
