<?xml version="1.0" encoding="UTF-8"?>
<!-- Generated by org.testng.reporters.JUnitReportReporter -->
<testsuite skipped="0" hostname="BDC3-LX-7171WLW" name="PackDemo.MavNewPro" tests="3" failures="0" timestamp="02 Aug 2018 06:05:06 GMT" time="0.030" errors="0">
  <testcase name="testApple" time="0.022" classname="PackDemo.MavNewPro"/>
  <testcase name="testFacebook" time="0.004" classname="PackDemo.MavNewPro"/>
  <testcase name="testGoogle" time="0.004" classname="PackDemo.MavNewPro"/>
</testsuite> <!-- PackDemo.MavNewPro -->
