<?xml version="1.0" encoding="UTF-8"?>
<!-- Generated by org.testng.reporters.JUnitReportReporter -->
<testsuite skipped="0" hostname="BDC3-LX-7171WLW" name="PackDemo.Test1" tests="2" failures="0" timestamp="02 Aug 2018 06:17:49 GMT" time="0.014" errors="0">
  <testcase name="testRegistration" time="0.012" classname="PackDemo.Test1"/>
  <testcase name="testLogin" time="0.002" classname="PackDemo.Test1"/>
</testsuite> <!-- PackDemo.Test1 -->
