<?xml version="1.0" encoding="UTF-8"?>
<!-- Generated by org.testng.reporters.JUnitReportReporter -->
<testsuite skipped="0" hostname="BDC3-LX-7171WLW" name="PackDemo.Testngcls2" tests="2" failures="0" timestamp="06 Aug 2018 06:36:43 GMT" time="0.011" errors="0">
  <testcase name="testFB" time="0.009" classname="PackDemo.Testngcls2"/>
  <testcase name="testGoogle" time="0.002" classname="PackDemo.Testngcls2"/>
</testsuite> <!-- PackDemo.Testngcls2 -->
