<?xml version="1.0" encoding="UTF-8"?>
<!-- Generated by org.testng.reporters.JUnitReportReporter -->
<testsuite skipped="0" hostname="BDC3-LX-7171WLW" name="PackDemo.Dynamicdrop" tests="1" failures="0" timestamp="06 Aug 2018 05:04:10 GMT" time="14.379" errors="0">
  <testcase name="testNewTourLogin" time="14.379" classname="PackDemo.Dynamicdrop"/>
</testsuite> <!-- PackDemo.Dynamicdrop -->
