<?xml version="1.0" encoding="UTF-8"?>
<!-- Generated by org.testng.reporters.JUnitReportReporter -->
<testsuite skipped="0" hostname="BDC3-LX-7171WLW" name="PackDemo.Testngcls3" tests="2" failures="0" timestamp="06 Aug 2018 06:52:40 GMT" time="0.017" errors="0">
  <testcase name="testGoogle" time="0.001" classname="PackDemo.Testngcls3"/>
  <testcase name="testGoogle" time="0.016" classname="PackDemo.Testngcls3"/>
</testsuite> <!-- PackDemo.Testngcls3 -->
