<?xml version="1.0" encoding="UTF-8"?>
<!-- Generated by org.testng.reporters.JUnitReportReporter -->
<testsuite skipped="0" hostname="BDC3-LX-7171WLW" name="PackDemo.PomTestCls" tests="1" failures="0" timestamp="08 Aug 2018 07:24:49 GMT" time="4.882" errors="0">
  <testcase name="logIn" time="4.882" classname="PackDemo.PomTestCls"/>
</testsuite> <!-- PackDemo.PomTestCls -->
